<?xml version="1.0" encoding="UTF-8"?>
<!-- Generated by org.testng.reporters.JUnitReportReporter -->
<testsuite hostname="LAPTOP-0SJ3B8VU" failures="0" tests="2" name="Academy.HomePage" time="32.715" errors="0" timestamp="2021-12-20T14:54:49 IST" skipped="0">
  <testcase classname="Academy.HomePage" name="verifyInvalidCredentialMessage" time="16.914"/>
  <system-out/>
  <testcase classname="Academy.HomePage" name="verifyInvalidCredentialMessage" time="15.801"/>
  <system-out/>
</testsuite> <!-- Academy.HomePage -->
