<?xml version="1.0" encoding="UTF-8"?>
<!-- Generated by org.testng.reporters.JUnitReportReporter -->
<testsuite hostname="LAPTOP-0SJ3B8VU" failures="0" tests="3" name="Academy.ValidateTitle" time="8.110" errors="0" timestamp="2021-12-19T22:45:00 IST" skipped="0">
  <testcase classname="Academy.ValidateTitle" name="basePageNavigation" time="7.810"/>
  <system-out/>
  <testcase classname="Academy.ValidateTitle" name="isNavigationBasDisplays" time="0.124"/>
  <system-out/>
  <testcase classname="Academy.ValidateTitle" name="verifyViewAllTestBoxAvailable" time="0.176"/>
  <system-out/>
</testsuite> <!-- Academy.ValidateTitle -->
