<?xml version="1.0" encoding="UTF-8"?>
<!-- Generated by org.testng.reporters.JUnitReportReporter -->
<testsuite hostname="LAPTOP-0SJ3B8VU" failures="0" tests="1" name="Academy.ValidateNavigationBar" time="0.147" errors="0" timestamp="2021-12-20T13:02:53 IST" skipped="0">
  <testcase classname="Academy.ValidateNavigationBar" name="isNavigationBasDisplays" time="0.147"/>
  <system-out/>
</testsuite> <!-- Academy.ValidateNavigationBar -->
