<?xml version="1.0" encoding="UTF-8"?>
<!-- Generated by org.testng.reporters.JUnitReportReporter -->
<testsuite hostname="LAPTOP-0SJ3B8VU" failures="0" tests="2" name="Academy.HomePage" time="47.231" errors="0" timestamp="2021-12-19T22:45:00 IST" skipped="0">
  <testcase classname="Academy.HomePage" name="verifyInvalidCredentialMessage" time="33.512"/>
  <system-out/>
  <testcase classname="Academy.HomePage" name="verifyInvalidCredentialMessage" time="13.719"/>
  <system-out/>
</testsuite> <!-- Academy.HomePage -->
