<?xml version="1.0" encoding="UTF-8"?>
<!-- Generated by org.testng.reporters.JUnitReportReporter -->
<testsuite hostname="LAPTOP-0SJ3B8VU" failures="0" tests="3" name="Academy.ValidateTitle" time="0.394" errors="0" timestamp="2021-12-20T14:31:47 IST" skipped="0">
  <testcase classname="Academy.ValidateTitle" name="basePageNavigation" time="0.161"/>
  <system-out/>
  <testcase classname="Academy.ValidateTitle" name="isNavigationBasDisplays" time="0.142"/>
  <system-out/>
  <testcase classname="Academy.ValidateTitle" name="verifyViewAllTestBoxAvailable" time="0.091"/>
  <system-out/>
</testsuite> <!-- Academy.ValidateTitle -->
